2018-02-26 15:19:15 [INFO][main][cn.features.TestApplication:48]: Starting TestApplication on mrli-ThinkPad-S5 with PID 3182 (/home/mrli/project/cnfeatures/core/out/production/classes started by mrli in /home/mrli/project/cnfeatures)
2018-02-26 15:19:15 [INFO][main][cn.features.TestApplication:593]: No active profile set, falling back to default profiles: default
2018-02-26 15:19:15 [INFO][main][o.s.b.c.e.AnnotationConfigEmbeddedWebApplicationContext:583]: Refreshing org.springframework.boot.context.embedded.AnnotationConfigEmbeddedWebApplicationContext@716a7124: startup date [Mon Feb 26 15:19:15 CST 2018]; root of context hierarchy
2018-02-26 15:19:15 [INFO][background-preinit][o.h.validator.internal.util.Version:30]: HV000001: Hibernate Validator 5.3.6.Final
2018-02-26 15:19:16 [WARN][main][o.m.s.mapper.ClassPathMapperScanner:166]: No MyBatis mapper was found in '[cn.features]' package. Please check your configuration.
2018-02-26 15:19:16 [INFO][main][o.s.c.s.PostProcessorRegistrationDelegate$BeanPostProcessorChecker:327]: Bean 'org.springframework.transaction.annotation.ProxyTransactionManagementConfiguration' of type [org.springframework.transaction.annotation.ProxyTransactionManagementConfiguration$$EnhancerBySpringCGLIB$$138473a9] is not eligible for getting processed by all BeanPostProcessors (for example: not eligible for auto-proxying)
2018-02-26 15:19:17 [INFO][main][o.s.b.c.e.t.TomcatEmbeddedServletContainer:89]: Tomcat initialized with port(s): 8080 (http)
2018-02-26 15:19:17 [INFO][main][o.a.catalina.core.StandardService:179]: Starting service [Tomcat]
2018-02-26 15:19:17 [INFO][main][o.a.catalina.core.StandardEngine:179]: Starting Servlet Engine: Apache Tomcat/8.5.23
2018-02-26 15:19:17 [INFO][localhost-startStop-1][o.a.c.c.C.[Tomcat].[localhost].[/]:179]: Initializing Spring embedded WebApplicationContext
2018-02-26 15:19:17 [INFO][localhost-startStop-1][o.s.web.context.ContextLoader:276]: Root WebApplicationContext: initialization completed in 2001 ms
2018-02-26 15:19:17 [INFO][localhost-startStop-1][o.s.b.w.s.ServletRegistrationBean:190]: Mapping servlet: 'dispatcherServlet' to [/]
2018-02-26 15:19:17 [INFO][localhost-startStop-1][o.s.b.w.s.ServletRegistrationBean:190]: Mapping servlet: 'webServlet' to [/h2-console/*]
2018-02-26 15:19:17 [INFO][localhost-startStop-1][o.s.b.w.s.FilterRegistrationBean:258]: Mapping filter: 'characterEncodingFilter' to: [/*]
2018-02-26 15:19:17 [INFO][localhost-startStop-1][o.s.b.w.s.FilterRegistrationBean:258]: Mapping filter: 'hiddenHttpMethodFilter' to: [/*]
2018-02-26 15:19:17 [INFO][localhost-startStop-1][o.s.b.w.s.FilterRegistrationBean:258]: Mapping filter: 'httpPutFormContentFilter' to: [/*]
2018-02-26 15:19:17 [INFO][localhost-startStop-1][o.s.b.w.s.FilterRegistrationBean:258]: Mapping filter: 'requestContextFilter' to: [/*]
2018-02-26 15:19:18 [INFO][main][o.s.w.s.m.m.a.RequestMappingHandlerMapping:543]: Mapped "{[/api/v1/test],methods=[GET]}" onto public void cn.features.core.controller.TestController.test()
2018-02-26 15:19:18 [INFO][main][o.s.w.s.m.m.a.RequestMappingHandlerMapping:543]: Mapped "{[/swagger-resources/configuration/security]}" onto public org.springframework.http.ResponseEntity<springfox.documentation.swagger.web.SecurityConfiguration> springfox.documentation.swagger.web.ApiResourceController.securityConfiguration()
2018-02-26 15:19:18 [INFO][main][o.s.w.s.m.m.a.RequestMappingHandlerMapping:543]: Mapped "{[/swagger-resources]}" onto public org.springframework.http.ResponseEntity<java.util.List<springfox.documentation.swagger.web.SwaggerResource>> springfox.documentation.swagger.web.ApiResourceController.swaggerResources()
2018-02-26 15:19:18 [INFO][main][o.s.w.s.m.m.a.RequestMappingHandlerMapping:543]: Mapped "{[/swagger-resources/configuration/ui]}" onto public org.springframework.http.ResponseEntity<springfox.documentation.swagger.web.UiConfiguration> springfox.documentation.swagger.web.ApiResourceController.uiConfiguration()
2018-02-26 15:19:18 [INFO][main][o.s.w.s.m.m.a.RequestMappingHandlerMapping:543]: Mapped "{[/error]}" onto public org.springframework.http.ResponseEntity<java.util.Map<java.lang.String, java.lang.Object>> org.springframework.boot.autoconfigure.web.BasicErrorController.error(javax.servlet.http.HttpServletRequest)
2018-02-26 15:19:18 [INFO][main][o.s.w.s.m.m.a.RequestMappingHandlerMapping:543]: Mapped "{[/error],produces=[text/html]}" onto public org.springframework.web.servlet.ModelAndView org.springframework.boot.autoconfigure.web.BasicErrorController.errorHtml(javax.servlet.http.HttpServletRequest,javax.servlet.http.HttpServletResponse)
2018-02-26 15:19:18 [INFO][main][s.d.s.w.PropertySourcedRequestMappingHandlerMapping:69]: Mapped URL path [/v2/api-docs] onto method [public org.springframework.http.ResponseEntity<springfox.documentation.spring.web.json.Json> springfox.documentation.swagger2.web.Swagger2Controller.getDocumentation(java.lang.String,javax.servlet.http.HttpServletRequest)]
2018-02-26 15:19:18 [INFO][main][o.s.w.s.m.m.a.RequestMappingHandlerAdapter:534]: Looking for @ControllerAdvice: org.springframework.boot.context.embedded.AnnotationConfigEmbeddedWebApplicationContext@716a7124: startup date [Mon Feb 26 15:19:15 CST 2018]; root of context hierarchy
2018-02-26 15:19:18 [INFO][main][o.s.w.s.h.SimpleUrlHandlerMapping:362]: Mapped URL path [/webjars/**] onto handler of type [class org.springframework.web.servlet.resource.ResourceHttpRequestHandler]
2018-02-26 15:19:18 [INFO][main][o.s.w.s.h.SimpleUrlHandlerMapping:362]: Mapped URL path [/**] onto handler of type [class org.springframework.web.servlet.resource.ResourceHttpRequestHandler]
2018-02-26 15:19:18 [INFO][main][o.s.w.s.h.SimpleUrlHandlerMapping:362]: Mapped URL path [/**/favicon.ico] onto handler of type [class org.springframework.web.servlet.resource.ResourceHttpRequestHandler]
2018-02-26 15:19:19 [INFO][main][o.s.j.e.a.AnnotationMBeanExporter:431]: Registering beans for JMX exposure on startup
2018-02-26 15:19:19 [INFO][main][o.s.j.e.a.AnnotationMBeanExporter:916]: Bean with name 'dataSource' has been autodetected for JMX exposure
2018-02-26 15:19:19 [INFO][main][o.s.j.e.a.AnnotationMBeanExporter:671]: Located MBean 'dataSource': registering with JMX server as MBean [com.alibaba.druid.pool:name=dataSource,type=DruidDataSource]
2018-02-26 15:19:19 [INFO][main][o.s.c.s.DefaultLifecycleProcessor:343]: Starting beans in phase 2147483647
2018-02-26 15:19:19 [INFO][main][s.d.s.w.p.DocumentationPluginsBootstrapper:147]: Context refreshed
2018-02-26 15:19:19 [INFO][main][s.d.s.w.p.DocumentationPluginsBootstrapper:150]: Found 1 custom documentation plugin(s)
2018-02-26 15:19:20 [INFO][main][s.d.s.w.s.ApiListingReferenceScanner:41]: Scanning for api listing references
2018-02-26 15:19:20 [INFO][main][o.a.coyote.http11.Http11NioProtocol:179]: Initializing ProtocolHandler ["http-nio-8080"]
2018-02-26 15:19:20 [INFO][main][o.a.coyote.http11.Http11NioProtocol:179]: Starting ProtocolHandler ["http-nio-8080"]
2018-02-26 15:19:20 [INFO][main][o.a.tomcat.util.net.NioSelectorPool:179]: Using a shared selector for servlet write/read
2018-02-26 15:19:20 [INFO][main][o.s.b.c.e.t.TomcatEmbeddedServletContainer:201]: Tomcat started on port(s): 8080 (http)
2018-02-26 15:19:20 [INFO][main][cn.features.TestApplication:57]: Started TestApplication in 5.663 seconds (JVM running for 7.198)
2018-02-26 15:19:32 [INFO][http-nio-8080-exec-1][o.a.c.c.C.[Tomcat].[localhost].[/]:179]: Initializing Spring FrameworkServlet 'dispatcherServlet'
2018-02-26 15:19:32 [INFO][http-nio-8080-exec-1][o.s.web.servlet.DispatcherServlet:489]: FrameworkServlet 'dispatcherServlet': initialization started
2018-02-26 15:19:32 [INFO][http-nio-8080-exec-1][o.s.web.servlet.DispatcherServlet:508]: FrameworkServlet 'dispatcherServlet': initialization completed in 33 ms
2018-02-26 15:19:45 [INFO][Thread-2][o.s.b.c.e.AnnotationConfigEmbeddedWebApplicationContext:984]: Closing org.springframework.boot.context.embedded.AnnotationConfigEmbeddedWebApplicationContext@716a7124: startup date [Mon Feb 26 15:19:15 CST 2018]; root of context hierarchy
2018-02-26 15:19:45 [INFO][Thread-2][o.s.c.s.DefaultLifecycleProcessor:358]: Stopping beans in phase 2147483647
2018-02-26 15:19:45 [INFO][Thread-2][o.s.j.e.a.AnnotationMBeanExporter:449]: Unregistering JMX-exposed beans on shutdown
2018-02-26 15:19:45 [INFO][Thread-2][o.s.j.e.a.AnnotationMBeanExporter:241]: Unregistering JMX-exposed beans
2018-02-26 15:28:02 [INFO][main][cn.features.TestApplication:48]: Starting TestApplication on mrli-ThinkPad-S5 with PID 3794 (/home/mrli/project/cnfeatures/core/out/production/classes started by mrli in /home/mrli/project/cnfeatures)
2018-02-26 15:28:02 [INFO][main][cn.features.TestApplication:593]: No active profile set, falling back to default profiles: default
2018-02-26 15:28:02 [INFO][main][o.s.b.c.e.AnnotationConfigEmbeddedWebApplicationContext:583]: Refreshing org.springframework.boot.context.embedded.AnnotationConfigEmbeddedWebApplicationContext@4f2613d1: startup date [Mon Feb 26 15:28:02 CST 2018]; root of context hierarchy
2018-02-26 15:28:02 [INFO][background-preinit][o.h.validator.internal.util.Version:30]: HV000001: Hibernate Validator 5.3.6.Final
2018-02-26 15:28:03 [WARN][main][o.m.s.mapper.ClassPathMapperScanner:166]: No MyBatis mapper was found in '[cn.features]' package. Please check your configuration.
2018-02-26 15:28:04 [INFO][main][o.s.c.s.PostProcessorRegistrationDelegate$BeanPostProcessorChecker:327]: Bean 'org.springframework.transaction.annotation.ProxyTransactionManagementConfiguration' of type [org.springframework.transaction.annotation.ProxyTransactionManagementConfiguration$$EnhancerBySpringCGLIB$$777dbcd8] is not eligible for getting processed by all BeanPostProcessors (for example: not eligible for auto-proxying)
2018-02-26 15:28:04 [INFO][main][o.s.b.c.e.t.TomcatEmbeddedServletContainer:89]: Tomcat initialized with port(s): 8080 (http)
2018-02-26 15:28:04 [INFO][main][o.a.catalina.core.StandardService:179]: Starting service [Tomcat]
2018-02-26 15:28:04 [INFO][main][o.a.catalina.core.StandardEngine:179]: Starting Servlet Engine: Apache Tomcat/8.5.23
2018-02-26 15:28:04 [INFO][localhost-startStop-1][o.a.c.c.C.[Tomcat].[localhost].[/]:179]: Initializing Spring embedded WebApplicationContext
2018-02-26 15:28:04 [INFO][localhost-startStop-1][o.s.web.context.ContextLoader:276]: Root WebApplicationContext: initialization completed in 2297 ms
2018-02-26 15:28:05 [INFO][localhost-startStop-1][o.s.b.w.s.ServletRegistrationBean:190]: Mapping servlet: 'dispatcherServlet' to [/]
2018-02-26 15:28:05 [INFO][localhost-startStop-1][o.s.b.w.s.ServletRegistrationBean:190]: Mapping servlet: 'webServlet' to [/h2-console/*]
2018-02-26 15:28:05 [INFO][localhost-startStop-1][o.s.b.w.s.FilterRegistrationBean:258]: Mapping filter: 'characterEncodingFilter' to: [/*]
2018-02-26 15:28:05 [INFO][localhost-startStop-1][o.s.b.w.s.FilterRegistrationBean:258]: Mapping filter: 'hiddenHttpMethodFilter' to: [/*]
2018-02-26 15:28:05 [INFO][localhost-startStop-1][o.s.b.w.s.FilterRegistrationBean:258]: Mapping filter: 'httpPutFormContentFilter' to: [/*]
2018-02-26 15:28:05 [INFO][localhost-startStop-1][o.s.b.w.s.FilterRegistrationBean:258]: Mapping filter: 'requestContextFilter' to: [/*]
2018-02-26 15:28:05 [INFO][main][o.s.w.s.m.m.a.RequestMappingHandlerMapping:543]: Mapped "{[/api/v1/test],methods=[GET]}" onto public void cn.features.core.controller.TestController.test()
2018-02-26 15:28:05 [INFO][main][o.s.w.s.m.m.a.RequestMappingHandlerMapping:543]: Mapped "{[/swagger-resources/configuration/security]}" onto public org.springframework.http.ResponseEntity<springfox.documentation.swagger.web.SecurityConfiguration> springfox.documentation.swagger.web.ApiResourceController.securityConfiguration()
2018-02-26 15:28:05 [INFO][main][o.s.w.s.m.m.a.RequestMappingHandlerMapping:543]: Mapped "{[/swagger-resources]}" onto public org.springframework.http.ResponseEntity<java.util.List<springfox.documentation.swagger.web.SwaggerResource>> springfox.documentation.swagger.web.ApiResourceController.swaggerResources()
2018-02-26 15:28:05 [INFO][main][o.s.w.s.m.m.a.RequestMappingHandlerMapping:543]: Mapped "{[/swagger-resources/configuration/ui]}" onto public org.springframework.http.ResponseEntity<springfox.documentation.swagger.web.UiConfiguration> springfox.documentation.swagger.web.ApiResourceController.uiConfiguration()
2018-02-26 15:28:05 [INFO][main][o.s.w.s.m.m.a.RequestMappingHandlerMapping:543]: Mapped "{[/error]}" onto public org.springframework.http.ResponseEntity<java.util.Map<java.lang.String, java.lang.Object>> org.springframework.boot.autoconfigure.web.BasicErrorController.error(javax.servlet.http.HttpServletRequest)
2018-02-26 15:28:05 [INFO][main][o.s.w.s.m.m.a.RequestMappingHandlerMapping:543]: Mapped "{[/error],produces=[text/html]}" onto public org.springframework.web.servlet.ModelAndView org.springframework.boot.autoconfigure.web.BasicErrorController.errorHtml(javax.servlet.http.HttpServletRequest,javax.servlet.http.HttpServletResponse)
2018-02-26 15:28:06 [INFO][main][s.d.s.w.PropertySourcedRequestMappingHandlerMapping:69]: Mapped URL path [/v2/api-docs] onto method [public org.springframework.http.ResponseEntity<springfox.documentation.spring.web.json.Json> springfox.documentation.swagger2.web.Swagger2Controller.getDocumentation(java.lang.String,javax.servlet.http.HttpServletRequest)]
2018-02-26 15:28:06 [INFO][main][o.s.w.s.m.m.a.RequestMappingHandlerAdapter:534]: Looking for @ControllerAdvice: org.springframework.boot.context.embedded.AnnotationConfigEmbeddedWebApplicationContext@4f2613d1: startup date [Mon Feb 26 15:28:02 CST 2018]; root of context hierarchy
2018-02-26 15:28:06 [INFO][main][o.s.w.s.h.SimpleUrlHandlerMapping:362]: Mapped URL path [/webjars/**] onto handler of type [class org.springframework.web.servlet.resource.ResourceHttpRequestHandler]
2018-02-26 15:28:06 [INFO][main][o.s.w.s.h.SimpleUrlHandlerMapping:362]: Mapped URL path [/**] onto handler of type [class org.springframework.web.servlet.resource.ResourceHttpRequestHandler]
2018-02-26 15:28:06 [INFO][main][o.s.w.s.h.SimpleUrlHandlerMapping:362]: Mapped URL path [/**/favicon.ico] onto handler of type [class org.springframework.web.servlet.resource.ResourceHttpRequestHandler]
2018-02-26 15:28:07 [INFO][main][o.s.j.e.a.AnnotationMBeanExporter:431]: Registering beans for JMX exposure on startup
2018-02-26 15:28:07 [INFO][main][o.s.j.e.a.AnnotationMBeanExporter:916]: Bean with name 'dataSource' has been autodetected for JMX exposure
2018-02-26 15:28:07 [INFO][main][o.s.j.e.a.AnnotationMBeanExporter:671]: Located MBean 'dataSource': registering with JMX server as MBean [com.alibaba.druid.pool:name=dataSource,type=DruidDataSource]
2018-02-26 15:28:07 [INFO][main][o.s.c.s.DefaultLifecycleProcessor:343]: Starting beans in phase 2147483647
2018-02-26 15:28:07 [INFO][main][s.d.s.w.p.DocumentationPluginsBootstrapper:147]: Context refreshed
2018-02-26 15:28:07 [INFO][main][s.d.s.w.p.DocumentationPluginsBootstrapper:150]: Found 1 custom documentation plugin(s)
2018-02-26 15:28:07 [INFO][main][s.d.s.w.s.ApiListingReferenceScanner:41]: Scanning for api listing references
2018-02-26 15:28:07 [INFO][main][o.a.coyote.http11.Http11NioProtocol:179]: Initializing ProtocolHandler ["http-nio-8080"]
2018-02-26 15:28:07 [INFO][main][o.a.coyote.http11.Http11NioProtocol:179]: Starting ProtocolHandler ["http-nio-8080"]
2018-02-26 15:28:07 [INFO][main][o.a.tomcat.util.net.NioSelectorPool:179]: Using a shared selector for servlet write/read
2018-02-26 15:28:07 [INFO][main][o.s.b.c.e.t.TomcatEmbeddedServletContainer:201]: Tomcat started on port(s): 8080 (http)
2018-02-26 15:28:07 [INFO][main][cn.features.TestApplication:57]: Started TestApplication in 5.974 seconds (JVM running for 7.849)
2018-02-26 15:28:10 [INFO][http-nio-8080-exec-1][o.a.c.c.C.[Tomcat].[localhost].[/]:179]: Initializing Spring FrameworkServlet 'dispatcherServlet'
2018-02-26 15:28:10 [INFO][http-nio-8080-exec-1][o.s.web.servlet.DispatcherServlet:489]: FrameworkServlet 'dispatcherServlet': initialization started
2018-02-26 15:28:10 [INFO][http-nio-8080-exec-1][o.s.web.servlet.DispatcherServlet:508]: FrameworkServlet 'dispatcherServlet': initialization completed in 40 ms
2018-02-26 15:29:37 [INFO][Thread-2][o.s.b.c.e.AnnotationConfigEmbeddedWebApplicationContext:984]: Closing org.springframework.boot.context.embedded.AnnotationConfigEmbeddedWebApplicationContext@4f2613d1: startup date [Mon Feb 26 15:28:02 CST 2018]; root of context hierarchy
2018-02-26 15:29:37 [INFO][Thread-2][o.s.c.s.DefaultLifecycleProcessor:358]: Stopping beans in phase 2147483647
2018-02-26 15:29:37 [INFO][Thread-2][o.s.j.e.a.AnnotationMBeanExporter:449]: Unregistering JMX-exposed beans on shutdown
2018-02-26 15:29:37 [INFO][Thread-2][o.s.j.e.a.AnnotationMBeanExporter:241]: Unregistering JMX-exposed beans
2018-02-26 15:30:27 [INFO][main][cn.features.TestApplication:48]: Starting TestApplication on mrli-ThinkPad-S5 with PID 4276 (/home/mrli/project/cnfeatures/core/out/production/classes started by mrli in /home/mrli/project/cnfeatures)
2018-02-26 15:30:27 [INFO][main][cn.features.TestApplication:593]: No active profile set, falling back to default profiles: default
2018-02-26 15:30:27 [INFO][main][o.s.b.c.e.AnnotationConfigEmbeddedWebApplicationContext:583]: Refreshing org.springframework.boot.context.embedded.AnnotationConfigEmbeddedWebApplicationContext@5cc126dc: startup date [Mon Feb 26 15:30:27 CST 2018]; root of context hierarchy
2018-02-26 15:30:27 [INFO][background-preinit][o.h.validator.internal.util.Version:30]: HV000001: Hibernate Validator 5.3.6.Final
2018-02-26 15:30:28 [WARN][main][o.m.s.mapper.ClassPathMapperScanner:166]: No MyBatis mapper was found in '[cn.features]' package. Please check your configuration.
2018-02-26 15:30:29 [INFO][main][o.s.c.s.PostProcessorRegistrationDelegate$BeanPostProcessorChecker:327]: Bean 'org.springframework.transaction.annotation.ProxyTransactionManagementConfiguration' of type [org.springframework.transaction.annotation.ProxyTransactionManagementConfiguration$$EnhancerBySpringCGLIB$$47668e83] is not eligible for getting processed by all BeanPostProcessors (for example: not eligible for auto-proxying)
2018-02-26 15:30:29 [INFO][main][o.s.b.c.e.t.TomcatEmbeddedServletContainer:89]: Tomcat initialized with port(s): 8080 (http)
2018-02-26 15:30:29 [INFO][main][o.a.catalina.core.StandardService:179]: Starting service [Tomcat]
2018-02-26 15:30:29 [INFO][main][o.a.catalina.core.StandardEngine:179]: Starting Servlet Engine: Apache Tomcat/8.5.23
2018-02-26 15:30:29 [INFO][localhost-startStop-1][o.a.c.c.C.[Tomcat].[localhost].[/]:179]: Initializing Spring embedded WebApplicationContext
2018-02-26 15:30:29 [INFO][localhost-startStop-1][o.s.web.context.ContextLoader:276]: Root WebApplicationContext: initialization completed in 2131 ms
2018-02-26 15:30:30 [INFO][localhost-startStop-1][o.s.b.w.s.FilterRegistrationBean:258]: Mapping filter: 'characterEncodingFilter' to: [/*]
2018-02-26 15:30:30 [INFO][localhost-startStop-1][o.s.b.w.s.FilterRegistrationBean:258]: Mapping filter: 'hiddenHttpMethodFilter' to: [/*]
2018-02-26 15:30:30 [INFO][localhost-startStop-1][o.s.b.w.s.FilterRegistrationBean:258]: Mapping filter: 'httpPutFormContentFilter' to: [/*]
2018-02-26 15:30:30 [INFO][localhost-startStop-1][o.s.b.w.s.FilterRegistrationBean:258]: Mapping filter: 'requestContextFilter' to: [/*]
2018-02-26 15:30:30 [INFO][localhost-startStop-1][o.s.b.w.s.DelegatingFilterProxyRegistrationBean:258]: Mapping filter: 'springSecurityFilterChain' to: [/*]
2018-02-26 15:30:30 [INFO][localhost-startStop-1][o.s.b.w.s.ServletRegistrationBean:190]: Mapping servlet: 'dispatcherServlet' to [/]
2018-02-26 15:30:30 [INFO][localhost-startStop-1][o.s.b.w.s.ServletRegistrationBean:190]: Mapping servlet: 'webServlet' to [/h2-console/*]
2018-02-26 15:30:30 [WARN][main][o.s.b.c.e.AnnotationConfigEmbeddedWebApplicationContext:551]: Exception encountered during context initialization - cancelling refresh attempt: org.springframework.beans.factory.UnsatisfiedDependencyException: Error creating bean with name 'securityConfig': Unsatisfied dependency expressed through field 'userDetailsService'; nested exception is org.springframework.beans.factory.UnsatisfiedDependencyException: Error creating bean with name 'anyUserDetailServiceImpl': Unsatisfied dependency expressed through field 'userService'; nested exception is org.springframework.beans.factory.NoSuchBeanDefinitionException: No qualifying bean of type 'cn.features.common.service.UserService' available: expected at least 1 bean which qualifies as autowire candidate. Dependency annotations: {@org.springframework.beans.factory.annotation.Autowired(required=true)}
2018-02-26 15:30:30 [INFO][main][o.a.catalina.core.StandardService:179]: Stopping service [Tomcat]
2018-02-26 15:30:30 [INFO][main][o.s.b.a.l.AutoConfigurationReportLoggingInitializer:101]: 

Error starting ApplicationContext. To display the auto-configuration report re-run your application with 'debug' enabled.
2018-02-26 15:30:30 [ERROR][main][o.s.b.d.LoggingFailureAnalysisReporter:42]: 

***************************
APPLICATION FAILED TO START
***************************

Description:

Field userService in cn.features.security.service.impl.AnyUserDetailServiceImpl required a bean of type 'cn.features.common.service.UserService' that could not be found.


Action:

Consider defining a bean of type 'cn.features.common.service.UserService' in your configuration.

2018-02-26 15:32:01 [INFO][main][cn.features.TestApplication:48]: Starting TestApplication on mrli-ThinkPad-S5 with PID 4476 (/home/mrli/project/cnfeatures/core/out/production/classes started by mrli in /home/mrli/project/cnfeatures)
2018-02-26 15:32:01 [INFO][main][cn.features.TestApplication:593]: No active profile set, falling back to default profiles: default
2018-02-26 15:32:01 [INFO][main][o.s.b.c.e.AnnotationConfigEmbeddedWebApplicationContext:583]: Refreshing org.springframework.boot.context.embedded.AnnotationConfigEmbeddedWebApplicationContext@1d71006f: startup date [Mon Feb 26 15:32:01 CST 2018]; root of context hierarchy
2018-02-26 15:32:01 [INFO][background-preinit][o.h.validator.internal.util.Version:30]: HV000001: Hibernate Validator 5.3.6.Final
2018-02-26 15:32:02 [WARN][main][o.m.s.mapper.ClassPathMapperScanner:166]: No MyBatis mapper was found in '[cn.features]' package. Please check your configuration.
2018-02-26 15:32:03 [INFO][main][o.s.c.s.PostProcessorRegistrationDelegate$BeanPostProcessorChecker:327]: Bean 'org.springframework.transaction.annotation.ProxyTransactionManagementConfiguration' of type [org.springframework.transaction.annotation.ProxyTransactionManagementConfiguration$$EnhancerBySpringCGLIB$$1f4de361] is not eligible for getting processed by all BeanPostProcessors (for example: not eligible for auto-proxying)
2018-02-26 15:32:03 [INFO][main][o.s.b.c.e.t.TomcatEmbeddedServletContainer:89]: Tomcat initialized with port(s): 8080 (http)
2018-02-26 15:32:03 [INFO][main][o.a.catalina.core.StandardService:179]: Starting service [Tomcat]
2018-02-26 15:32:03 [INFO][main][o.a.catalina.core.StandardEngine:179]: Starting Servlet Engine: Apache Tomcat/8.5.23
2018-02-26 15:32:03 [INFO][localhost-startStop-1][o.a.c.c.C.[Tomcat].[localhost].[/]:179]: Initializing Spring embedded WebApplicationContext
2018-02-26 15:32:03 [INFO][localhost-startStop-1][o.s.web.context.ContextLoader:276]: Root WebApplicationContext: initialization completed in 2140 ms
2018-02-26 15:32:04 [INFO][localhost-startStop-1][o.s.b.w.s.FilterRegistrationBean:258]: Mapping filter: 'characterEncodingFilter' to: [/*]
2018-02-26 15:32:04 [INFO][localhost-startStop-1][o.s.b.w.s.FilterRegistrationBean:258]: Mapping filter: 'hiddenHttpMethodFilter' to: [/*]
2018-02-26 15:32:04 [INFO][localhost-startStop-1][o.s.b.w.s.FilterRegistrationBean:258]: Mapping filter: 'httpPutFormContentFilter' to: [/*]
2018-02-26 15:32:04 [INFO][localhost-startStop-1][o.s.b.w.s.FilterRegistrationBean:258]: Mapping filter: 'requestContextFilter' to: [/*]
2018-02-26 15:32:04 [INFO][localhost-startStop-1][o.s.b.w.s.DelegatingFilterProxyRegistrationBean:258]: Mapping filter: 'springSecurityFilterChain' to: [/*]
2018-02-26 15:32:04 [INFO][localhost-startStop-1][o.s.b.w.s.ServletRegistrationBean:190]: Mapping servlet: 'dispatcherServlet' to [/]
2018-02-26 15:32:04 [INFO][localhost-startStop-1][o.s.b.w.s.ServletRegistrationBean:190]: Mapping servlet: 'webServlet' to [/h2-console/*]
2018-02-26 15:32:04 [WARN][main][o.s.b.c.e.AnnotationConfigEmbeddedWebApplicationContext:551]: Exception encountered during context initialization - cancelling refresh attempt: org.springframework.beans.factory.UnsatisfiedDependencyException: Error creating bean with name 'securityConfig': Unsatisfied dependency expressed through field 'userDetailsService'; nested exception is org.springframework.beans.factory.UnsatisfiedDependencyException: Error creating bean with name 'anyUserDetailServiceImpl': Unsatisfied dependency expressed through field 'userService'; nested exception is org.springframework.beans.factory.NoSuchBeanDefinitionException: No qualifying bean of type 'cn.features.common.service.UserService' available: expected at least 1 bean which qualifies as autowire candidate. Dependency annotations: {@org.springframework.beans.factory.annotation.Autowired(required=true)}
2018-02-26 15:32:04 [INFO][main][o.a.catalina.core.StandardService:179]: Stopping service [Tomcat]
2018-02-26 15:32:04 [INFO][main][o.s.b.a.l.AutoConfigurationReportLoggingInitializer:101]: 

Error starting ApplicationContext. To display the auto-configuration report re-run your application with 'debug' enabled.
2018-02-26 15:32:04 [ERROR][main][o.s.b.d.LoggingFailureAnalysisReporter:42]: 

***************************
APPLICATION FAILED TO START
***************************

Description:

Field userService in cn.features.security.service.impl.AnyUserDetailServiceImpl required a bean of type 'cn.features.common.service.UserService' that could not be found.


Action:

Consider defining a bean of type 'cn.features.common.service.UserService' in your configuration.

2018-02-26 15:33:27 [INFO][main][cn.features.TestApplication:48]: Starting TestApplication on mrli-ThinkPad-S5 with PID 4679 (/home/mrli/project/cnfeatures/core/out/production/classes started by mrli in /home/mrli/project/cnfeatures)
2018-02-26 15:33:27 [INFO][main][cn.features.TestApplication:593]: No active profile set, falling back to default profiles: default
2018-02-26 15:33:27 [INFO][main][o.s.b.c.e.AnnotationConfigEmbeddedWebApplicationContext:583]: Refreshing org.springframework.boot.context.embedded.AnnotationConfigEmbeddedWebApplicationContext@72bd06ca: startup date [Mon Feb 26 15:33:27 CST 2018]; root of context hierarchy
2018-02-26 15:33:27 [INFO][background-preinit][o.h.validator.internal.util.Version:30]: HV000001: Hibernate Validator 5.3.6.Final
2018-02-26 15:33:28 [WARN][main][o.m.s.mapper.ClassPathMapperScanner:166]: No MyBatis mapper was found in '[cn.features]' package. Please check your configuration.
2018-02-26 15:33:29 [INFO][main][o.s.c.s.PostProcessorRegistrationDelegate$BeanPostProcessorChecker:327]: Bean 'org.springframework.transaction.annotation.ProxyTransactionManagementConfiguration' of type [org.springframework.transaction.annotation.ProxyTransactionManagementConfiguration$$EnhancerBySpringCGLIB$$54b55b86] is not eligible for getting processed by all BeanPostProcessors (for example: not eligible for auto-proxying)
2018-02-26 15:33:29 [INFO][main][o.s.b.c.e.t.TomcatEmbeddedServletContainer:89]: Tomcat initialized with port(s): 8080 (http)
2018-02-26 15:33:29 [INFO][main][o.a.catalina.core.StandardService:179]: Starting service [Tomcat]
2018-02-26 15:33:29 [INFO][main][o.a.catalina.core.StandardEngine:179]: Starting Servlet Engine: Apache Tomcat/8.5.23
2018-02-26 15:33:29 [INFO][localhost-startStop-1][o.a.c.c.C.[Tomcat].[localhost].[/]:179]: Initializing Spring embedded WebApplicationContext
2018-02-26 15:33:29 [INFO][localhost-startStop-1][o.s.web.context.ContextLoader:276]: Root WebApplicationContext: initialization completed in 2040 ms
2018-02-26 15:33:30 [INFO][localhost-startStop-1][o.s.b.w.s.FilterRegistrationBean:258]: Mapping filter: 'characterEncodingFilter' to: [/*]
2018-02-26 15:33:30 [INFO][localhost-startStop-1][o.s.b.w.s.FilterRegistrationBean:258]: Mapping filter: 'hiddenHttpMethodFilter' to: [/*]
2018-02-26 15:33:30 [INFO][localhost-startStop-1][o.s.b.w.s.FilterRegistrationBean:258]: Mapping filter: 'httpPutFormContentFilter' to: [/*]
2018-02-26 15:33:30 [INFO][localhost-startStop-1][o.s.b.w.s.FilterRegistrationBean:258]: Mapping filter: 'requestContextFilter' to: [/*]
2018-02-26 15:33:30 [INFO][localhost-startStop-1][o.s.b.w.s.DelegatingFilterProxyRegistrationBean:258]: Mapping filter: 'springSecurityFilterChain' to: [/*]
2018-02-26 15:33:30 [INFO][localhost-startStop-1][o.s.b.w.s.ServletRegistrationBean:190]: Mapping servlet: 'dispatcherServlet' to [/]
2018-02-26 15:33:30 [INFO][localhost-startStop-1][o.s.b.w.s.ServletRegistrationBean:190]: Mapping servlet: 'webServlet' to [/h2-console/*]
2018-02-26 15:33:30 [INFO][main][o.s.w.s.m.m.a.RequestMappingHandlerMapping:543]: Mapped "{[/api/v1/test],methods=[GET]}" onto public void cn.features.core.controller.TestController.test()
2018-02-26 15:33:30 [INFO][main][o.s.w.s.m.m.a.RequestMappingHandlerMapping:543]: Mapped "{[/swagger-resources/configuration/security]}" onto public org.springframework.http.ResponseEntity<springfox.documentation.swagger.web.SecurityConfiguration> springfox.documentation.swagger.web.ApiResourceController.securityConfiguration()
2018-02-26 15:33:30 [INFO][main][o.s.w.s.m.m.a.RequestMappingHandlerMapping:543]: Mapped "{[/swagger-resources]}" onto public org.springframework.http.ResponseEntity<java.util.List<springfox.documentation.swagger.web.SwaggerResource>> springfox.documentation.swagger.web.ApiResourceController.swaggerResources()
2018-02-26 15:33:30 [INFO][main][o.s.w.s.m.m.a.RequestMappingHandlerMapping:543]: Mapped "{[/swagger-resources/configuration/ui]}" onto public org.springframework.http.ResponseEntity<springfox.documentation.swagger.web.UiConfiguration> springfox.documentation.swagger.web.ApiResourceController.uiConfiguration()
2018-02-26 15:33:30 [INFO][main][o.s.w.s.m.m.a.RequestMappingHandlerMapping:543]: Mapped "{[/error]}" onto public org.springframework.http.ResponseEntity<java.util.Map<java.lang.String, java.lang.Object>> org.springframework.boot.autoconfigure.web.BasicErrorController.error(javax.servlet.http.HttpServletRequest)
2018-02-26 15:33:30 [INFO][main][o.s.w.s.m.m.a.RequestMappingHandlerMapping:543]: Mapped "{[/error],produces=[text/html]}" onto public org.springframework.web.servlet.ModelAndView org.springframework.boot.autoconfigure.web.BasicErrorController.errorHtml(javax.servlet.http.HttpServletRequest,javax.servlet.http.HttpServletResponse)
2018-02-26 15:33:31 [INFO][main][s.d.s.w.PropertySourcedRequestMappingHandlerMapping:69]: Mapped URL path [/v2/api-docs] onto method [public org.springframework.http.ResponseEntity<springfox.documentation.spring.web.json.Json> springfox.documentation.swagger2.web.Swagger2Controller.getDocumentation(java.lang.String,javax.servlet.http.HttpServletRequest)]
2018-02-26 15:33:31 [INFO][main][o.s.w.s.h.SimpleUrlHandlerMapping:362]: Mapped URL path [/webjars/**] onto handler of type [class org.springframework.web.servlet.resource.ResourceHttpRequestHandler]
2018-02-26 15:33:31 [INFO][main][o.s.w.s.h.SimpleUrlHandlerMapping:362]: Mapped URL path [/**] onto handler of type [class org.springframework.web.servlet.resource.ResourceHttpRequestHandler]
2018-02-26 15:33:31 [INFO][main][o.s.w.s.h.SimpleUrlHandlerMapping:362]: Mapped URL path [/**/favicon.ico] onto handler of type [class org.springframework.web.servlet.resource.ResourceHttpRequestHandler]
2018-02-26 15:33:31 [INFO][main][o.s.s.web.DefaultSecurityFilterChain:43]: Creating filter chain: org.springframework.security.web.util.matcher.AnyRequestMatcher@1, [org.springframework.security.web.context.request.async.WebAsyncManagerIntegrationFilter@c262f2f, org.springframework.security.web.context.SecurityContextPersistenceFilter@a3b858f, org.springframework.security.web.header.HeaderWriterFilter@5c9e8a67, org.springframework.web.filter.CorsFilter@5563bb40, org.springframework.security.web.csrf.CsrfFilter@6a4af081, org.springframework.security.web.authentication.logout.LogoutFilter@53f7a906, org.springframework.security.web.savedrequest.RequestCacheAwareFilter@72b40f87, org.springframework.security.web.servletapi.SecurityContextHolderAwareRequestFilter@12e5d3e1, org.springframework.security.web.authentication.AnonymousAuthenticationFilter@11148dc2, org.springframework.security.web.session.SessionManagementFilter@c497a55, org.springframework.security.web.access.ExceptionTranslationFilter@45f9d394, org.springframework.security.web.access.intercept.FilterSecurityInterceptor@60c96eb4]
2018-02-26 15:33:31 [INFO][main][o.s.s.web.DefaultSecurityFilterChain:43]: Creating filter chain: Ant [pattern='/h2-console/**'], [org.springframework.security.web.context.request.async.WebAsyncManagerIntegrationFilter@21090c88, org.springframework.security.web.context.SecurityContextPersistenceFilter@7f93f4c, org.springframework.security.web.header.HeaderWriterFilter@1930a804, org.springframework.security.web.authentication.logout.LogoutFilter@5c25d0d1, org.springframework.security.web.authentication.www.BasicAuthenticationFilter@6e5f5478, org.springframework.security.web.savedrequest.RequestCacheAwareFilter@598657cd, org.springframework.security.web.servletapi.SecurityContextHolderAwareRequestFilter@456aa471, org.springframework.security.web.authentication.AnonymousAuthenticationFilter@d62472f, org.springframework.security.web.session.SessionManagementFilter@bd4ee01, org.springframework.security.web.access.ExceptionTranslationFilter@39ace1a7, org.springframework.security.web.access.intercept.FilterSecurityInterceptor@1570cad0]
2018-02-26 15:33:31 [INFO][main][o.s.w.s.m.m.a.RequestMappingHandlerAdapter:534]: Looking for @ControllerAdvice: org.springframework.boot.context.embedded.AnnotationConfigEmbeddedWebApplicationContext@72bd06ca: startup date [Mon Feb 26 15:33:27 CST 2018]; root of context hierarchy
2018-02-26 15:33:32 [INFO][main][o.s.j.e.a.AnnotationMBeanExporter:431]: Registering beans for JMX exposure on startup
2018-02-26 15:33:32 [INFO][main][o.s.j.e.a.AnnotationMBeanExporter:916]: Bean with name 'dataSource' has been autodetected for JMX exposure
2018-02-26 15:33:32 [INFO][main][o.s.j.e.a.AnnotationMBeanExporter:671]: Located MBean 'dataSource': registering with JMX server as MBean [com.alibaba.druid.pool:name=dataSource,type=DruidDataSource]
2018-02-26 15:33:32 [INFO][main][o.s.c.s.DefaultLifecycleProcessor:343]: Starting beans in phase 2147483647
2018-02-26 15:33:32 [INFO][main][s.d.s.w.p.DocumentationPluginsBootstrapper:147]: Context refreshed
2018-02-26 15:33:32 [INFO][main][s.d.s.w.p.DocumentationPluginsBootstrapper:150]: Found 1 custom documentation plugin(s)
2018-02-26 15:33:32 [INFO][main][s.d.s.w.s.ApiListingReferenceScanner:41]: Scanning for api listing references
2018-02-26 15:33:32 [INFO][main][o.a.coyote.http11.Http11NioProtocol:179]: Initializing ProtocolHandler ["http-nio-8080"]
2018-02-26 15:33:32 [INFO][main][o.a.coyote.http11.Http11NioProtocol:179]: Starting ProtocolHandler ["http-nio-8080"]
2018-02-26 15:33:32 [INFO][main][o.a.tomcat.util.net.NioSelectorPool:179]: Using a shared selector for servlet write/read
2018-02-26 15:33:32 [INFO][main][o.s.b.c.e.t.TomcatEmbeddedServletContainer:201]: Tomcat started on port(s): 8080 (http)
2018-02-26 15:33:32 [INFO][main][cn.features.TestApplication:57]: Started TestApplication in 6.145 seconds (JVM running for 7.707)
2018-02-26 15:33:39 [INFO][http-nio-8080-exec-1][o.a.c.c.C.[Tomcat].[localhost].[/]:179]: Initializing Spring FrameworkServlet 'dispatcherServlet'
2018-02-26 15:33:39 [INFO][http-nio-8080-exec-1][o.s.web.servlet.DispatcherServlet:489]: FrameworkServlet 'dispatcherServlet': initialization started
2018-02-26 15:33:39 [INFO][http-nio-8080-exec-1][o.s.web.servlet.DispatcherServlet:508]: FrameworkServlet 'dispatcherServlet': initialization completed in 26 ms
2018-02-26 15:34:20 [INFO][Thread-2][o.s.b.c.e.AnnotationConfigEmbeddedWebApplicationContext:984]: Closing org.springframework.boot.context.embedded.AnnotationConfigEmbeddedWebApplicationContext@72bd06ca: startup date [Mon Feb 26 15:33:27 CST 2018]; root of context hierarchy
2018-02-26 15:34:20 [INFO][Thread-2][o.s.c.s.DefaultLifecycleProcessor:358]: Stopping beans in phase 2147483647
2018-02-26 15:34:20 [INFO][Thread-2][o.s.j.e.a.AnnotationMBeanExporter:449]: Unregistering JMX-exposed beans on shutdown
2018-02-26 15:34:20 [INFO][Thread-2][o.s.j.e.a.AnnotationMBeanExporter:241]: Unregistering JMX-exposed beans
2018-02-26 15:39:01 [INFO][main][cn.features.TestApplication:48]: Starting TestApplication on mrli-ThinkPad-S5 with PID 5089 (/home/mrli/project/cnfeatures/core/out/production/classes started by mrli in /home/mrli/project/cnfeatures)
2018-02-26 15:39:01 [INFO][main][cn.features.TestApplication:593]: No active profile set, falling back to default profiles: default
2018-02-26 15:39:01 [INFO][main][o.s.b.c.e.AnnotationConfigEmbeddedWebApplicationContext:583]: Refreshing org.springframework.boot.context.embedded.AnnotationConfigEmbeddedWebApplicationContext@5e8f9e2d: startup date [Mon Feb 26 15:39:01 CST 2018]; root of context hierarchy
2018-02-26 15:39:01 [INFO][background-preinit][o.h.validator.internal.util.Version:30]: HV000001: Hibernate Validator 5.3.6.Final
2018-02-26 15:39:02 [WARN][main][o.m.s.mapper.ClassPathMapperScanner:166]: No MyBatis mapper was found in '[cn.features]' package. Please check your configuration.
2018-02-26 15:39:02 [INFO][main][o.s.c.s.PostProcessorRegistrationDelegate$BeanPostProcessorChecker:327]: Bean 'org.springframework.transaction.annotation.ProxyTransactionManagementConfiguration' of type [org.springframework.transaction.annotation.ProxyTransactionManagementConfiguration$$EnhancerBySpringCGLIB$$3d32b8b6] is not eligible for getting processed by all BeanPostProcessors (for example: not eligible for auto-proxying)
2018-02-26 15:39:03 [INFO][main][o.s.b.c.e.t.TomcatEmbeddedServletContainer:89]: Tomcat initialized with port(s): 8080 (http)
2018-02-26 15:39:03 [INFO][main][o.a.catalina.core.StandardService:179]: Starting service [Tomcat]
2018-02-26 15:39:03 [INFO][main][o.a.catalina.core.StandardEngine:179]: Starting Servlet Engine: Apache Tomcat/8.5.23
2018-02-26 15:39:03 [INFO][localhost-startStop-1][o.a.c.c.C.[Tomcat].[localhost].[/]:179]: Initializing Spring embedded WebApplicationContext
2018-02-26 15:39:03 [INFO][localhost-startStop-1][o.s.web.context.ContextLoader:276]: Root WebApplicationContext: initialization completed in 2012 ms
2018-02-26 15:39:03 [INFO][localhost-startStop-1][o.s.b.w.s.FilterRegistrationBean:258]: Mapping filter: 'characterEncodingFilter' to: [/*]
2018-02-26 15:39:03 [INFO][localhost-startStop-1][o.s.b.w.s.FilterRegistrationBean:258]: Mapping filter: 'hiddenHttpMethodFilter' to: [/*]
2018-02-26 15:39:03 [INFO][localhost-startStop-1][o.s.b.w.s.FilterRegistrationBean:258]: Mapping filter: 'httpPutFormContentFilter' to: [/*]
2018-02-26 15:39:03 [INFO][localhost-startStop-1][o.s.b.w.s.FilterRegistrationBean:258]: Mapping filter: 'requestContextFilter' to: [/*]
2018-02-26 15:39:03 [INFO][localhost-startStop-1][o.s.b.w.s.DelegatingFilterProxyRegistrationBean:258]: Mapping filter: 'springSecurityFilterChain' to: [/*]
2018-02-26 15:39:03 [INFO][localhost-startStop-1][o.s.b.w.s.ServletRegistrationBean:190]: Mapping servlet: 'dispatcherServlet' to [/]
2018-02-26 15:39:03 [INFO][localhost-startStop-1][o.s.b.w.s.ServletRegistrationBean:190]: Mapping servlet: 'webServlet' to [/h2-console/*]
2018-02-26 15:39:04 [INFO][main][o.s.w.s.m.m.a.RequestMappingHandlerMapping:543]: Mapped "{[/api/v1/test],methods=[GET]}" onto public void cn.features.core.controller.TestController.test()
2018-02-26 15:39:04 [INFO][main][o.s.w.s.m.m.a.RequestMappingHandlerMapping:543]: Mapped "{[/swagger-resources/configuration/security]}" onto public org.springframework.http.ResponseEntity<springfox.documentation.swagger.web.SecurityConfiguration> springfox.documentation.swagger.web.ApiResourceController.securityConfiguration()
2018-02-26 15:39:04 [INFO][main][o.s.w.s.m.m.a.RequestMappingHandlerMapping:543]: Mapped "{[/swagger-resources]}" onto public org.springframework.http.ResponseEntity<java.util.List<springfox.documentation.swagger.web.SwaggerResource>> springfox.documentation.swagger.web.ApiResourceController.swaggerResources()
2018-02-26 15:39:04 [INFO][main][o.s.w.s.m.m.a.RequestMappingHandlerMapping:543]: Mapped "{[/swagger-resources/configuration/ui]}" onto public org.springframework.http.ResponseEntity<springfox.documentation.swagger.web.UiConfiguration> springfox.documentation.swagger.web.ApiResourceController.uiConfiguration()
2018-02-26 15:39:04 [INFO][main][o.s.w.s.m.m.a.RequestMappingHandlerMapping:543]: Mapped "{[/error]}" onto public org.springframework.http.ResponseEntity<java.util.Map<java.lang.String, java.lang.Object>> org.springframework.boot.autoconfigure.web.BasicErrorController.error(javax.servlet.http.HttpServletRequest)
2018-02-26 15:39:04 [INFO][main][o.s.w.s.m.m.a.RequestMappingHandlerMapping:543]: Mapped "{[/error],produces=[text/html]}" onto public org.springframework.web.servlet.ModelAndView org.springframework.boot.autoconfigure.web.BasicErrorController.errorHtml(javax.servlet.http.HttpServletRequest,javax.servlet.http.HttpServletResponse)
2018-02-26 15:39:04 [INFO][main][s.d.s.w.PropertySourcedRequestMappingHandlerMapping:69]: Mapped URL path [/v2/api-docs] onto method [public org.springframework.http.ResponseEntity<springfox.documentation.spring.web.json.Json> springfox.documentation.swagger2.web.Swagger2Controller.getDocumentation(java.lang.String,javax.servlet.http.HttpServletRequest)]
2018-02-26 15:39:05 [INFO][main][o.s.w.s.h.SimpleUrlHandlerMapping:362]: Mapped URL path [/webjars/**] onto handler of type [class org.springframework.web.servlet.resource.ResourceHttpRequestHandler]
2018-02-26 15:39:05 [INFO][main][o.s.w.s.h.SimpleUrlHandlerMapping:362]: Mapped URL path [/**] onto handler of type [class org.springframework.web.servlet.resource.ResourceHttpRequestHandler]
2018-02-26 15:39:05 [INFO][main][o.s.w.s.h.SimpleUrlHandlerMapping:362]: Mapped URL path [/**/favicon.ico] onto handler of type [class org.springframework.web.servlet.resource.ResourceHttpRequestHandler]
2018-02-26 15:39:05 [INFO][main][o.s.s.web.DefaultSecurityFilterChain:43]: Creating filter chain: org.springframework.security.web.util.matcher.AnyRequestMatcher@1, [org.springframework.security.web.context.request.async.WebAsyncManagerIntegrationFilter@4ad896f7, org.springframework.security.web.context.SecurityContextPersistenceFilter@6a51ae7c, org.springframework.security.web.header.HeaderWriterFilter@505f45cc, org.springframework.web.filter.CorsFilter@c318864, org.springframework.security.web.csrf.CsrfFilter@5ab7ac02, org.springframework.security.web.authentication.logout.LogoutFilter@690df641, org.springframework.security.web.savedrequest.RequestCacheAwareFilter@4e2cdc51, org.springframework.security.web.servletapi.SecurityContextHolderAwareRequestFilter@f849027, org.springframework.security.web.authentication.AnonymousAuthenticationFilter@7d61468c, org.springframework.security.web.session.SessionManagementFilter@28831d69, org.springframework.security.web.access.ExceptionTranslationFilter@2af9a5ef, org.springframework.security.web.access.intercept.FilterSecurityInterceptor@3a88f6fb]
2018-02-26 15:39:05 [INFO][main][o.s.s.web.DefaultSecurityFilterChain:43]: Creating filter chain: Ant [pattern='/h2-console/**'], [org.springframework.security.web.context.request.async.WebAsyncManagerIntegrationFilter@5c5c7cc4, org.springframework.security.web.context.SecurityContextPersistenceFilter@44abdb1f, org.springframework.security.web.header.HeaderWriterFilter@1a4083f6, org.springframework.security.web.authentication.logout.LogoutFilter@78128dd0, org.springframework.security.web.authentication.www.BasicAuthenticationFilter@657b3b, org.springframework.security.web.savedrequest.RequestCacheAwareFilter@62108cd3, org.springframework.security.web.servletapi.SecurityContextHolderAwareRequestFilter@7cd1ec54, org.springframework.security.web.authentication.AnonymousAuthenticationFilter@6c27e700, org.springframework.security.web.session.SessionManagementFilter@23f5008a, org.springframework.security.web.access.ExceptionTranslationFilter@4e4d0a0b, org.springframework.security.web.access.intercept.FilterSecurityInterceptor@5635bcd2]
2018-02-26 15:39:05 [INFO][main][o.s.w.s.m.m.a.RequestMappingHandlerAdapter:534]: Looking for @ControllerAdvice: org.springframework.boot.context.embedded.AnnotationConfigEmbeddedWebApplicationContext@5e8f9e2d: startup date [Mon Feb 26 15:39:01 CST 2018]; root of context hierarchy
2018-02-26 15:39:06 [INFO][main][o.s.j.e.a.AnnotationMBeanExporter:431]: Registering beans for JMX exposure on startup
2018-02-26 15:39:06 [INFO][main][o.s.j.e.a.AnnotationMBeanExporter:916]: Bean with name 'dataSource' has been autodetected for JMX exposure
2018-02-26 15:39:06 [INFO][main][o.s.j.e.a.AnnotationMBeanExporter:671]: Located MBean 'dataSource': registering with JMX server as MBean [com.alibaba.druid.pool:name=dataSource,type=DruidDataSource]
2018-02-26 15:39:06 [INFO][main][o.s.c.s.DefaultLifecycleProcessor:343]: Starting beans in phase 2147483647
2018-02-26 15:39:06 [INFO][main][s.d.s.w.p.DocumentationPluginsBootstrapper:147]: Context refreshed
2018-02-26 15:39:06 [INFO][main][s.d.s.w.p.DocumentationPluginsBootstrapper:150]: Found 1 custom documentation plugin(s)
2018-02-26 15:39:06 [INFO][main][s.d.s.w.s.ApiListingReferenceScanner:41]: Scanning for api listing references
2018-02-26 15:39:06 [INFO][main][o.a.coyote.http11.Http11NioProtocol:179]: Initializing ProtocolHandler ["http-nio-8080"]
2018-02-26 15:39:06 [INFO][main][o.a.coyote.http11.Http11NioProtocol:179]: Starting ProtocolHandler ["http-nio-8080"]
2018-02-26 15:39:06 [INFO][main][o.a.tomcat.util.net.NioSelectorPool:179]: Using a shared selector for servlet write/read
2018-02-26 15:39:06 [INFO][main][o.s.b.c.e.t.TomcatEmbeddedServletContainer:201]: Tomcat started on port(s): 8080 (http)
2018-02-26 15:39:06 [INFO][main][cn.features.TestApplication:57]: Started TestApplication in 6.232 seconds (JVM running for 7.771)
2018-02-26 15:39:21 [INFO][http-nio-8080-exec-1][o.a.c.c.C.[Tomcat].[localhost].[/]:179]: Initializing Spring FrameworkServlet 'dispatcherServlet'
2018-02-26 15:39:21 [INFO][http-nio-8080-exec-1][o.s.web.servlet.DispatcherServlet:489]: FrameworkServlet 'dispatcherServlet': initialization started
2018-02-26 15:39:21 [INFO][http-nio-8080-exec-1][o.s.web.servlet.DispatcherServlet:508]: FrameworkServlet 'dispatcherServlet': initialization completed in 38 ms
2018-02-26 15:40:20 [INFO][Thread-2][o.s.b.c.e.AnnotationConfigEmbeddedWebApplicationContext:984]: Closing org.springframework.boot.context.embedded.AnnotationConfigEmbeddedWebApplicationContext@5e8f9e2d: startup date [Mon Feb 26 15:39:01 CST 2018]; root of context hierarchy
2018-02-26 15:40:20 [INFO][Thread-2][o.s.c.s.DefaultLifecycleProcessor:358]: Stopping beans in phase 2147483647
2018-02-26 15:40:20 [INFO][Thread-2][o.s.j.e.a.AnnotationMBeanExporter:449]: Unregistering JMX-exposed beans on shutdown
2018-02-26 15:40:20 [INFO][Thread-2][o.s.j.e.a.AnnotationMBeanExporter:241]: Unregistering JMX-exposed beans
2018-02-26 15:40:41 [INFO][main][cn.features.TestApplication:48]: Starting TestApplication on mrli-ThinkPad-S5 with PID 5398 (/home/mrli/project/cnfeatures/core/out/production/classes started by mrli in /home/mrli/project/cnfeatures)
2018-02-26 15:40:41 [INFO][main][cn.features.TestApplication:593]: No active profile set, falling back to default profiles: default
2018-02-26 15:40:41 [INFO][main][o.s.b.c.e.AnnotationConfigEmbeddedWebApplicationContext:583]: Refreshing org.springframework.boot.context.embedded.AnnotationConfigEmbeddedWebApplicationContext@7fd4acee: startup date [Mon Feb 26 15:40:41 CST 2018]; root of context hierarchy
2018-02-26 15:40:41 [INFO][background-preinit][o.h.validator.internal.util.Version:30]: HV000001: Hibernate Validator 5.3.6.Final
2018-02-26 15:40:42 [WARN][main][o.m.s.mapper.ClassPathMapperScanner:166]: No MyBatis mapper was found in '[cn.features]' package. Please check your configuration.
2018-02-26 15:40:43 [INFO][main][o.s.c.s.PostProcessorRegistrationDelegate$BeanPostProcessorChecker:327]: Bean 'org.springframework.transaction.annotation.ProxyTransactionManagementConfiguration' of type [org.springframework.transaction.annotation.ProxyTransactionManagementConfiguration$$EnhancerBySpringCGLIB$$789bb901] is not eligible for getting processed by all BeanPostProcessors (for example: not eligible for auto-proxying)
2018-02-26 15:40:43 [INFO][main][o.s.b.c.e.t.TomcatEmbeddedServletContainer:89]: Tomcat initialized with port(s): 8080 (http)
2018-02-26 15:40:43 [INFO][main][o.a.catalina.core.StandardService:179]: Starting service [Tomcat]
2018-02-26 15:40:43 [INFO][main][o.a.catalina.core.StandardEngine:179]: Starting Servlet Engine: Apache Tomcat/8.5.23
2018-02-26 15:40:43 [INFO][localhost-startStop-1][o.a.c.c.C.[Tomcat].[localhost].[/]:179]: Initializing Spring embedded WebApplicationContext
2018-02-26 15:40:43 [INFO][localhost-startStop-1][o.s.web.context.ContextLoader:276]: Root WebApplicationContext: initialization completed in 2317 ms
2018-02-26 15:40:44 [INFO][localhost-startStop-1][o.s.b.w.s.FilterRegistrationBean:258]: Mapping filter: 'characterEncodingFilter' to: [/*]
2018-02-26 15:40:44 [INFO][localhost-startStop-1][o.s.b.w.s.FilterRegistrationBean:258]: Mapping filter: 'hiddenHttpMethodFilter' to: [/*]
2018-02-26 15:40:44 [INFO][localhost-startStop-1][o.s.b.w.s.FilterRegistrationBean:258]: Mapping filter: 'httpPutFormContentFilter' to: [/*]
2018-02-26 15:40:44 [INFO][localhost-startStop-1][o.s.b.w.s.FilterRegistrationBean:258]: Mapping filter: 'requestContextFilter' to: [/*]
2018-02-26 15:40:44 [INFO][localhost-startStop-1][o.s.b.w.s.DelegatingFilterProxyRegistrationBean:258]: Mapping filter: 'springSecurityFilterChain' to: [/*]
2018-02-26 15:40:44 [INFO][localhost-startStop-1][o.s.b.w.s.ServletRegistrationBean:190]: Mapping servlet: 'dispatcherServlet' to [/]
2018-02-26 15:40:44 [INFO][localhost-startStop-1][o.s.b.w.s.ServletRegistrationBean:190]: Mapping servlet: 'webServlet' to [/h2-console/*]
2018-02-26 15:40:44 [INFO][main][o.s.w.s.m.m.a.RequestMappingHandlerMapping:543]: Mapped "{[/api/v1/test],methods=[GET]}" onto public void cn.features.core.controller.TestController.test()
2018-02-26 15:40:44 [INFO][main][o.s.w.s.m.m.a.RequestMappingHandlerMapping:543]: Mapped "{[/swagger-resources/configuration/security]}" onto public org.springframework.http.ResponseEntity<springfox.documentation.swagger.web.SecurityConfiguration> springfox.documentation.swagger.web.ApiResourceController.securityConfiguration()
2018-02-26 15:40:44 [INFO][main][o.s.w.s.m.m.a.RequestMappingHandlerMapping:543]: Mapped "{[/swagger-resources]}" onto public org.springframework.http.ResponseEntity<java.util.List<springfox.documentation.swagger.web.SwaggerResource>> springfox.documentation.swagger.web.ApiResourceController.swaggerResources()
2018-02-26 15:40:44 [INFO][main][o.s.w.s.m.m.a.RequestMappingHandlerMapping:543]: Mapped "{[/swagger-resources/configuration/ui]}" onto public org.springframework.http.ResponseEntity<springfox.documentation.swagger.web.UiConfiguration> springfox.documentation.swagger.web.ApiResourceController.uiConfiguration()
2018-02-26 15:40:44 [INFO][main][o.s.w.s.m.m.a.RequestMappingHandlerMapping:543]: Mapped "{[/error]}" onto public org.springframework.http.ResponseEntity<java.util.Map<java.lang.String, java.lang.Object>> org.springframework.boot.autoconfigure.web.BasicErrorController.error(javax.servlet.http.HttpServletRequest)
2018-02-26 15:40:44 [INFO][main][o.s.w.s.m.m.a.RequestMappingHandlerMapping:543]: Mapped "{[/error],produces=[text/html]}" onto public org.springframework.web.servlet.ModelAndView org.springframework.boot.autoconfigure.web.BasicErrorController.errorHtml(javax.servlet.http.HttpServletRequest,javax.servlet.http.HttpServletResponse)
2018-02-26 15:40:45 [INFO][main][s.d.s.w.PropertySourcedRequestMappingHandlerMapping:69]: Mapped URL path [/v2/api-docs] onto method [public org.springframework.http.ResponseEntity<springfox.documentation.spring.web.json.Json> springfox.documentation.swagger2.web.Swagger2Controller.getDocumentation(java.lang.String,javax.servlet.http.HttpServletRequest)]
2018-02-26 15:40:45 [INFO][main][o.s.w.s.h.SimpleUrlHandlerMapping:362]: Mapped URL path [/webjars/**] onto handler of type [class org.springframework.web.servlet.resource.ResourceHttpRequestHandler]
2018-02-26 15:40:45 [INFO][main][o.s.w.s.h.SimpleUrlHandlerMapping:362]: Mapped URL path [/**] onto handler of type [class org.springframework.web.servlet.resource.ResourceHttpRequestHandler]
2018-02-26 15:40:45 [INFO][main][o.s.w.s.h.SimpleUrlHandlerMapping:362]: Mapped URL path [/**/favicon.ico] onto handler of type [class org.springframework.web.servlet.resource.ResourceHttpRequestHandler]
2018-02-26 15:40:45 [INFO][main][o.s.s.web.DefaultSecurityFilterChain:43]: Creating filter chain: org.springframework.security.web.util.matcher.AnyRequestMatcher@1, [org.springframework.security.web.context.request.async.WebAsyncManagerIntegrationFilter@4ad896f7, org.springframework.security.web.context.SecurityContextPersistenceFilter@6a51ae7c, org.springframework.security.web.header.HeaderWriterFilter@505f45cc, org.springframework.web.filter.CorsFilter@c318864, org.springframework.security.web.csrf.CsrfFilter@5ab7ac02, org.springframework.security.web.authentication.logout.LogoutFilter@690df641, org.springframework.security.web.savedrequest.RequestCacheAwareFilter@4e2cdc51, org.springframework.security.web.servletapi.SecurityContextHolderAwareRequestFilter@f849027, org.springframework.security.web.authentication.AnonymousAuthenticationFilter@7d61468c, org.springframework.security.web.session.SessionManagementFilter@28831d69, org.springframework.security.web.access.ExceptionTranslationFilter@2af9a5ef, org.springframework.security.web.access.intercept.FilterSecurityInterceptor@3a88f6fb]
2018-02-26 15:40:45 [INFO][main][o.s.s.web.DefaultSecurityFilterChain:43]: Creating filter chain: Ant [pattern='/h2-console/**'], [org.springframework.security.web.context.request.async.WebAsyncManagerIntegrationFilter@5c5c7cc4, org.springframework.security.web.context.SecurityContextPersistenceFilter@44abdb1f, org.springframework.security.web.header.HeaderWriterFilter@1a4083f6, org.springframework.security.web.authentication.logout.LogoutFilter@78128dd0, org.springframework.security.web.authentication.www.BasicAuthenticationFilter@657b3b, org.springframework.security.web.savedrequest.RequestCacheAwareFilter@62108cd3, org.springframework.security.web.servletapi.SecurityContextHolderAwareRequestFilter@7cd1ec54, org.springframework.security.web.authentication.AnonymousAuthenticationFilter@6c27e700, org.springframework.security.web.session.SessionManagementFilter@23f5008a, org.springframework.security.web.access.ExceptionTranslationFilter@4e4d0a0b, org.springframework.security.web.access.intercept.FilterSecurityInterceptor@5635bcd2]
2018-02-26 15:40:45 [INFO][main][o.s.w.s.m.m.a.RequestMappingHandlerAdapter:534]: Looking for @ControllerAdvice: org.springframework.boot.context.embedded.AnnotationConfigEmbeddedWebApplicationContext@7fd4acee: startup date [Mon Feb 26 15:40:41 CST 2018]; root of context hierarchy
2018-02-26 15:40:47 [INFO][main][o.s.j.e.a.AnnotationMBeanExporter:431]: Registering beans for JMX exposure on startup
2018-02-26 15:40:47 [INFO][main][o.s.j.e.a.AnnotationMBeanExporter:916]: Bean with name 'dataSource' has been autodetected for JMX exposure
2018-02-26 15:40:47 [INFO][main][o.s.j.e.a.AnnotationMBeanExporter:671]: Located MBean 'dataSource': registering with JMX server as MBean [com.alibaba.druid.pool:name=dataSource,type=DruidDataSource]
2018-02-26 15:40:47 [INFO][main][o.s.c.s.DefaultLifecycleProcessor:343]: Starting beans in phase 2147483647
2018-02-26 15:40:47 [INFO][main][s.d.s.w.p.DocumentationPluginsBootstrapper:147]: Context refreshed
2018-02-26 15:40:47 [INFO][main][s.d.s.w.p.DocumentationPluginsBootstrapper:150]: Found 1 custom documentation plugin(s)
2018-02-26 15:40:47 [INFO][main][s.d.s.w.s.ApiListingReferenceScanner:41]: Scanning for api listing references
2018-02-26 15:40:47 [INFO][main][o.a.coyote.http11.Http11NioProtocol:179]: Initializing ProtocolHandler ["http-nio-8080"]
2018-02-26 15:40:47 [INFO][main][o.a.coyote.http11.Http11NioProtocol:179]: Starting ProtocolHandler ["http-nio-8080"]
2018-02-26 15:40:47 [INFO][main][o.a.tomcat.util.net.NioSelectorPool:179]: Using a shared selector for servlet write/read
2018-02-26 15:40:47 [INFO][main][o.s.b.c.e.t.TomcatEmbeddedServletContainer:201]: Tomcat started on port(s): 8080 (http)
2018-02-26 15:40:47 [INFO][main][cn.features.TestApplication:57]: Started TestApplication in 6.82 seconds (JVM running for 8.416)
2018-02-26 15:40:49 [INFO][Thread-2][o.s.b.c.e.AnnotationConfigEmbeddedWebApplicationContext:984]: Closing org.springframework.boot.context.embedded.AnnotationConfigEmbeddedWebApplicationContext@7fd4acee: startup date [Mon Feb 26 15:40:41 CST 2018]; root of context hierarchy
2018-02-26 15:40:49 [INFO][Thread-2][o.s.c.s.DefaultLifecycleProcessor:358]: Stopping beans in phase 2147483647
2018-02-26 15:40:49 [INFO][Thread-2][o.s.j.e.a.AnnotationMBeanExporter:449]: Unregistering JMX-exposed beans on shutdown
2018-02-26 15:40:49 [INFO][Thread-2][o.s.j.e.a.AnnotationMBeanExporter:241]: Unregistering JMX-exposed beans
2018-02-26 15:41:20 [INFO][main][cn.features.TestApplication:48]: Starting TestApplication on mrli-ThinkPad-S5 with PID 5579 (/home/mrli/project/cnfeatures/core/out/production/classes started by mrli in /home/mrli/project/cnfeatures)
2018-02-26 15:41:20 [INFO][main][cn.features.TestApplication:593]: No active profile set, falling back to default profiles: default
2018-02-26 15:41:20 [INFO][main][o.s.b.c.e.AnnotationConfigEmbeddedWebApplicationContext:583]: Refreshing org.springframework.boot.context.embedded.AnnotationConfigEmbeddedWebApplicationContext@89c10b7: startup date [Mon Feb 26 15:41:20 CST 2018]; root of context hierarchy
2018-02-26 15:41:21 [INFO][background-preinit][o.h.validator.internal.util.Version:30]: HV000001: Hibernate Validator 5.3.6.Final
2018-02-26 15:41:21 [WARN][main][o.m.s.mapper.ClassPathMapperScanner:166]: No MyBatis mapper was found in '[cn.features]' package. Please check your configuration.
2018-02-26 15:41:22 [INFO][main][o.s.c.s.PostProcessorRegistrationDelegate$BeanPostProcessorChecker:327]: Bean 'org.springframework.transaction.annotation.ProxyTransactionManagementConfiguration' of type [org.springframework.transaction.annotation.ProxyTransactionManagementConfiguration$$EnhancerBySpringCGLIB$$cde689d9] is not eligible for getting processed by all BeanPostProcessors (for example: not eligible for auto-proxying)
2018-02-26 15:41:22 [INFO][main][o.s.b.c.e.t.TomcatEmbeddedServletContainer:89]: Tomcat initialized with port(s): 8080 (http)
2018-02-26 15:41:22 [INFO][main][o.a.catalina.core.StandardService:179]: Starting service [Tomcat]
2018-02-26 15:41:22 [INFO][main][o.a.catalina.core.StandardEngine:179]: Starting Servlet Engine: Apache Tomcat/8.5.23
2018-02-26 15:41:22 [INFO][localhost-startStop-1][o.a.c.c.C.[Tomcat].[localhost].[/]:179]: Initializing Spring embedded WebApplicationContext
2018-02-26 15:41:22 [INFO][localhost-startStop-1][o.s.web.context.ContextLoader:276]: Root WebApplicationContext: initialization completed in 2052 ms
2018-02-26 15:41:23 [INFO][localhost-startStop-1][o.s.b.w.s.FilterRegistrationBean:258]: Mapping filter: 'characterEncodingFilter' to: [/*]
2018-02-26 15:41:23 [INFO][localhost-startStop-1][o.s.b.w.s.FilterRegistrationBean:258]: Mapping filter: 'hiddenHttpMethodFilter' to: [/*]
2018-02-26 15:41:23 [INFO][localhost-startStop-1][o.s.b.w.s.FilterRegistrationBean:258]: Mapping filter: 'httpPutFormContentFilter' to: [/*]
2018-02-26 15:41:23 [INFO][localhost-startStop-1][o.s.b.w.s.FilterRegistrationBean:258]: Mapping filter: 'requestContextFilter' to: [/*]
2018-02-26 15:41:23 [INFO][localhost-startStop-1][o.s.b.w.s.DelegatingFilterProxyRegistrationBean:258]: Mapping filter: 'springSecurityFilterChain' to: [/*]
2018-02-26 15:41:23 [INFO][localhost-startStop-1][o.s.b.w.s.ServletRegistrationBean:190]: Mapping servlet: 'dispatcherServlet' to [/]
2018-02-26 15:41:23 [INFO][localhost-startStop-1][o.s.b.w.s.ServletRegistrationBean:190]: Mapping servlet: 'webServlet' to [/h2-console/*]
2018-02-26 15:41:23 [INFO][main][o.s.w.s.m.m.a.RequestMappingHandlerMapping:543]: Mapped "{[/api/v1/test],methods=[GET]}" onto public void cn.features.core.controller.TestController.test()
2018-02-26 15:41:23 [INFO][main][o.s.w.s.m.m.a.RequestMappingHandlerMapping:543]: Mapped "{[/swagger-resources/configuration/security]}" onto public org.springframework.http.ResponseEntity<springfox.documentation.swagger.web.SecurityConfiguration> springfox.documentation.swagger.web.ApiResourceController.securityConfiguration()
2018-02-26 15:41:23 [INFO][main][o.s.w.s.m.m.a.RequestMappingHandlerMapping:543]: Mapped "{[/swagger-resources]}" onto public org.springframework.http.ResponseEntity<java.util.List<springfox.documentation.swagger.web.SwaggerResource>> springfox.documentation.swagger.web.ApiResourceController.swaggerResources()
2018-02-26 15:41:23 [INFO][main][o.s.w.s.m.m.a.RequestMappingHandlerMapping:543]: Mapped "{[/swagger-resources/configuration/ui]}" onto public org.springframework.http.ResponseEntity<springfox.documentation.swagger.web.UiConfiguration> springfox.documentation.swagger.web.ApiResourceController.uiConfiguration()
2018-02-26 15:41:23 [INFO][main][o.s.w.s.m.m.a.RequestMappingHandlerMapping:543]: Mapped "{[/error]}" onto public org.springframework.http.ResponseEntity<java.util.Map<java.lang.String, java.lang.Object>> org.springframework.boot.autoconfigure.web.BasicErrorController.error(javax.servlet.http.HttpServletRequest)
2018-02-26 15:41:23 [INFO][main][o.s.w.s.m.m.a.RequestMappingHandlerMapping:543]: Mapped "{[/error],produces=[text/html]}" onto public org.springframework.web.servlet.ModelAndView org.springframework.boot.autoconfigure.web.BasicErrorController.errorHtml(javax.servlet.http.HttpServletRequest,javax.servlet.http.HttpServletResponse)
2018-02-26 15:41:24 [INFO][main][s.d.s.w.PropertySourcedRequestMappingHandlerMapping:69]: Mapped URL path [/v2/api-docs] onto method [public org.springframework.http.ResponseEntity<springfox.documentation.spring.web.json.Json> springfox.documentation.swagger2.web.Swagger2Controller.getDocumentation(java.lang.String,javax.servlet.http.HttpServletRequest)]
2018-02-26 15:41:24 [INFO][main][o.s.w.s.h.SimpleUrlHandlerMapping:362]: Mapped URL path [/webjars/**] onto handler of type [class org.springframework.web.servlet.resource.ResourceHttpRequestHandler]
2018-02-26 15:41:24 [INFO][main][o.s.w.s.h.SimpleUrlHandlerMapping:362]: Mapped URL path [/**] onto handler of type [class org.springframework.web.servlet.resource.ResourceHttpRequestHandler]
2018-02-26 15:41:24 [INFO][main][o.s.w.s.h.SimpleUrlHandlerMapping:362]: Mapped URL path [/**/favicon.ico] onto handler of type [class org.springframework.web.servlet.resource.ResourceHttpRequestHandler]
2018-02-26 15:41:24 [INFO][main][o.s.s.web.DefaultSecurityFilterChain:43]: Creating filter chain: org.springframework.security.web.util.matcher.AnyRequestMatcher@1, [org.springframework.security.web.context.request.async.WebAsyncManagerIntegrationFilter@54463380, org.springframework.security.web.context.SecurityContextPersistenceFilter@31228d83, org.springframework.security.web.header.HeaderWriterFilter@70f4f89e, org.springframework.web.filter.CorsFilter@819fb19, org.springframework.security.web.csrf.CsrfFilter@1de7f898, org.springframework.security.web.authentication.logout.LogoutFilter@729cd862, org.springframework.security.web.savedrequest.RequestCacheAwareFilter@44ccd75c, org.springframework.security.web.servletapi.SecurityContextHolderAwareRequestFilter@25a290ee, org.springframework.security.web.authentication.AnonymousAuthenticationFilter@782ac148, org.springframework.security.web.session.SessionManagementFilter@83b0d0f, org.springframework.security.web.access.ExceptionTranslationFilter@5e37fb82, org.springframework.security.web.access.intercept.FilterSecurityInterceptor@5a4c98d7]
2018-02-26 15:41:24 [INFO][main][o.s.s.web.DefaultSecurityFilterChain:43]: Creating filter chain: Ant [pattern='/h2-console/**'], [org.springframework.security.web.context.request.async.WebAsyncManagerIntegrationFilter@5889fc44, org.springframework.security.web.context.SecurityContextPersistenceFilter@44384b4a, org.springframework.security.web.header.HeaderWriterFilter@5f883d90, org.springframework.security.web.authentication.logout.LogoutFilter@352f6727, org.springframework.security.web.authentication.www.BasicAuthenticationFilter@5a06904, org.springframework.security.web.savedrequest.RequestCacheAwareFilter@5cc3e49b, org.springframework.security.web.servletapi.SecurityContextHolderAwareRequestFilter@4239262e, org.springframework.security.web.authentication.AnonymousAuthenticationFilter@6598caab, org.springframework.security.web.session.SessionManagementFilter@7e58f697, org.springframework.security.web.access.ExceptionTranslationFilter@2c34402, org.springframework.security.web.access.intercept.FilterSecurityInterceptor@46ea78f0]
2018-02-26 15:41:24 [INFO][main][o.s.w.s.m.m.a.RequestMappingHandlerAdapter:534]: Looking for @ControllerAdvice: org.springframework.boot.context.embedded.AnnotationConfigEmbeddedWebApplicationContext@89c10b7: startup date [Mon Feb 26 15:41:20 CST 2018]; root of context hierarchy
2018-02-26 15:41:25 [INFO][main][o.s.j.e.a.AnnotationMBeanExporter:431]: Registering beans for JMX exposure on startup
2018-02-26 15:41:25 [INFO][main][o.s.j.e.a.AnnotationMBeanExporter:916]: Bean with name 'dataSource' has been autodetected for JMX exposure
2018-02-26 15:41:25 [INFO][main][o.s.j.e.a.AnnotationMBeanExporter:671]: Located MBean 'dataSource': registering with JMX server as MBean [com.alibaba.druid.pool:name=dataSource,type=DruidDataSource]
2018-02-26 15:41:25 [INFO][main][o.s.c.s.DefaultLifecycleProcessor:343]: Starting beans in phase 2147483647
2018-02-26 15:41:25 [INFO][main][s.d.s.w.p.DocumentationPluginsBootstrapper:147]: Context refreshed
2018-02-26 15:41:25 [INFO][main][s.d.s.w.p.DocumentationPluginsBootstrapper:150]: Found 1 custom documentation plugin(s)
2018-02-26 15:41:26 [INFO][main][s.d.s.w.s.ApiListingReferenceScanner:41]: Scanning for api listing references
2018-02-26 15:41:26 [INFO][main][o.a.coyote.http11.Http11NioProtocol:179]: Initializing ProtocolHandler ["http-nio-8080"]
2018-02-26 15:41:26 [INFO][main][o.a.coyote.http11.Http11NioProtocol:179]: Starting ProtocolHandler ["http-nio-8080"]
2018-02-26 15:41:26 [INFO][main][o.a.tomcat.util.net.NioSelectorPool:179]: Using a shared selector for servlet write/read
2018-02-26 15:41:26 [INFO][main][o.s.b.c.e.t.TomcatEmbeddedServletContainer:201]: Tomcat started on port(s): 8080 (http)
2018-02-26 15:41:26 [INFO][main][cn.features.TestApplication:57]: Started TestApplication in 6.252 seconds (JVM running for 7.757)
2018-02-26 15:41:34 [INFO][http-nio-8080-exec-1][o.a.c.c.C.[Tomcat].[localhost].[/]:179]: Initializing Spring FrameworkServlet 'dispatcherServlet'
2018-02-26 15:41:34 [INFO][http-nio-8080-exec-1][o.s.web.servlet.DispatcherServlet:489]: FrameworkServlet 'dispatcherServlet': initialization started
2018-02-26 15:41:34 [INFO][http-nio-8080-exec-1][o.s.web.servlet.DispatcherServlet:508]: FrameworkServlet 'dispatcherServlet': initialization completed in 43 ms
2018-02-26 15:41:48 [INFO][Thread-2][o.s.b.c.e.AnnotationConfigEmbeddedWebApplicationContext:984]: Closing org.springframework.boot.context.embedded.AnnotationConfigEmbeddedWebApplicationContext@89c10b7: startup date [Mon Feb 26 15:41:20 CST 2018]; root of context hierarchy
2018-02-26 15:41:48 [INFO][Thread-2][o.s.c.s.DefaultLifecycleProcessor:358]: Stopping beans in phase 2147483647
2018-02-26 15:41:48 [INFO][Thread-2][o.s.j.e.a.AnnotationMBeanExporter:449]: Unregistering JMX-exposed beans on shutdown
2018-02-26 15:41:48 [INFO][Thread-2][o.s.j.e.a.AnnotationMBeanExporter:241]: Unregistering JMX-exposed beans
