2018-02-27 09:49:19 [INFO][main][cn.features.TestApplication:48]: Starting TestApplication on mrli-ThinkPad-S5 with PID 15451 (/home/mrli/project/cnfeatures/core/out/production/classes started by mrli in /home/mrli/project/cnfeatures)
2018-02-27 09:49:19 [INFO][main][cn.features.TestApplication:593]: No active profile set, falling back to default profiles: default
2018-02-27 09:49:19 [INFO][main][o.s.b.c.e.AnnotationConfigEmbeddedWebApplicationContext:583]: Refreshing org.springframework.boot.context.embedded.AnnotationConfigEmbeddedWebApplicationContext@533377b: startup date [Tue Feb 27 09:49:19 CST 2018]; root of context hierarchy
2018-02-27 09:49:20 [INFO][background-preinit][o.h.validator.internal.util.Version:30]: HV000001: Hibernate Validator 5.3.6.Final
2018-02-27 09:49:21 [WARN][main][o.m.s.mapper.ClassPathMapperScanner:166]: No MyBatis mapper was found in '[cn.features]' package. Please check your configuration.
2018-02-27 09:49:21 [INFO][main][o.s.c.s.PostProcessorRegistrationDelegate$BeanPostProcessorChecker:327]: Bean 'org.springframework.transaction.annotation.ProxyTransactionManagementConfiguration' of type [org.springframework.transaction.annotation.ProxyTransactionManagementConfiguration$$EnhancerBySpringCGLIB$$3c639213] is not eligible for getting processed by all BeanPostProcessors (for example: not eligible for auto-proxying)
2018-02-27 09:49:22 [INFO][main][o.s.b.c.e.t.TomcatEmbeddedServletContainer:89]: Tomcat initialized with port(s): 8080 (http)
2018-02-27 09:49:22 [INFO][main][o.a.catalina.core.StandardService:179]: Starting service [Tomcat]
2018-02-27 09:49:22 [INFO][main][o.a.catalina.core.StandardEngine:179]: Starting Servlet Engine: Apache Tomcat/8.5.23
2018-02-27 09:49:22 [INFO][localhost-startStop-1][o.a.c.c.C.[Tomcat].[localhost].[/]:179]: Initializing Spring embedded WebApplicationContext
2018-02-27 09:49:22 [INFO][localhost-startStop-1][o.s.web.context.ContextLoader:276]: Root WebApplicationContext: initialization completed in 2470 ms
2018-02-27 09:49:22 [INFO][localhost-startStop-1][o.s.b.w.s.FilterRegistrationBean:258]: Mapping filter: 'characterEncodingFilter' to: [/*]
2018-02-27 09:49:22 [INFO][localhost-startStop-1][o.s.b.w.s.FilterRegistrationBean:258]: Mapping filter: 'hiddenHttpMethodFilter' to: [/*]
2018-02-27 09:49:22 [INFO][localhost-startStop-1][o.s.b.w.s.FilterRegistrationBean:258]: Mapping filter: 'httpPutFormContentFilter' to: [/*]
2018-02-27 09:49:22 [INFO][localhost-startStop-1][o.s.b.w.s.FilterRegistrationBean:258]: Mapping filter: 'requestContextFilter' to: [/*]
2018-02-27 09:49:22 [INFO][localhost-startStop-1][o.s.b.w.s.DelegatingFilterProxyRegistrationBean:258]: Mapping filter: 'springSecurityFilterChain' to: [/*]
2018-02-27 09:49:22 [INFO][localhost-startStop-1][o.s.b.w.s.ServletRegistrationBean:190]: Mapping servlet: 'dispatcherServlet' to [/]
2018-02-27 09:49:22 [INFO][localhost-startStop-1][o.s.b.w.s.ServletRegistrationBean:190]: Mapping servlet: 'webServlet' to [/h2-console/*]
2018-02-27 09:49:23 [INFO][main][o.s.w.s.m.m.a.RequestMappingHandlerMapping:543]: Mapped "{[/api/v1/test],methods=[GET]}" onto public void cn.features.core.controller.TestController.test()
2018-02-27 09:49:23 [INFO][main][o.s.w.s.m.m.a.RequestMappingHandlerMapping:543]: Mapped "{[/swagger-resources/configuration/security]}" onto public org.springframework.http.ResponseEntity<springfox.documentation.swagger.web.SecurityConfiguration> springfox.documentation.swagger.web.ApiResourceController.securityConfiguration()
2018-02-27 09:49:23 [INFO][main][o.s.w.s.m.m.a.RequestMappingHandlerMapping:543]: Mapped "{[/swagger-resources]}" onto public org.springframework.http.ResponseEntity<java.util.List<springfox.documentation.swagger.web.SwaggerResource>> springfox.documentation.swagger.web.ApiResourceController.swaggerResources()
2018-02-27 09:49:23 [INFO][main][o.s.w.s.m.m.a.RequestMappingHandlerMapping:543]: Mapped "{[/swagger-resources/configuration/ui]}" onto public org.springframework.http.ResponseEntity<springfox.documentation.swagger.web.UiConfiguration> springfox.documentation.swagger.web.ApiResourceController.uiConfiguration()
2018-02-27 09:49:23 [INFO][main][o.s.w.s.m.m.a.RequestMappingHandlerMapping:543]: Mapped "{[/error]}" onto public org.springframework.http.ResponseEntity<java.util.Map<java.lang.String, java.lang.Object>> org.springframework.boot.autoconfigure.web.BasicErrorController.error(javax.servlet.http.HttpServletRequest)
2018-02-27 09:49:23 [INFO][main][o.s.w.s.m.m.a.RequestMappingHandlerMapping:543]: Mapped "{[/error],produces=[text/html]}" onto public org.springframework.web.servlet.ModelAndView org.springframework.boot.autoconfigure.web.BasicErrorController.errorHtml(javax.servlet.http.HttpServletRequest,javax.servlet.http.HttpServletResponse)
2018-02-27 09:49:23 [INFO][main][s.d.s.w.PropertySourcedRequestMappingHandlerMapping:69]: Mapped URL path [/v2/api-docs] onto method [public org.springframework.http.ResponseEntity<springfox.documentation.spring.web.json.Json> springfox.documentation.swagger2.web.Swagger2Controller.getDocumentation(java.lang.String,javax.servlet.http.HttpServletRequest)]
2018-02-27 09:49:23 [INFO][main][o.s.w.s.h.SimpleUrlHandlerMapping:362]: Mapped URL path [/webjars/**] onto handler of type [class org.springframework.web.servlet.resource.ResourceHttpRequestHandler]
2018-02-27 09:49:23 [INFO][main][o.s.w.s.h.SimpleUrlHandlerMapping:362]: Mapped URL path [/**] onto handler of type [class org.springframework.web.servlet.resource.ResourceHttpRequestHandler]
2018-02-27 09:49:23 [INFO][main][o.s.w.s.h.SimpleUrlHandlerMapping:362]: Mapped URL path [/**/favicon.ico] onto handler of type [class org.springframework.web.servlet.resource.ResourceHttpRequestHandler]
2018-02-27 09:49:23 [INFO][main][o.s.s.web.DefaultSecurityFilterChain:43]: Creating filter chain: org.springframework.security.web.util.matcher.AnyRequestMatcher@1, [org.springframework.security.web.context.request.async.WebAsyncManagerIntegrationFilter@16ac4d3d, org.springframework.security.web.context.SecurityContextPersistenceFilter@33751d49, org.springframework.security.web.header.HeaderWriterFilter@239b98cb, org.springframework.web.filter.CorsFilter@559d19c, org.springframework.security.web.csrf.CsrfFilter@790ac3e0, org.springframework.security.web.authentication.logout.LogoutFilter@2b2a4332, org.springframework.security.web.savedrequest.RequestCacheAwareFilter@26ca12a2, org.springframework.security.web.servletapi.SecurityContextHolderAwareRequestFilter@7ad889be, org.springframework.security.web.authentication.AnonymousAuthenticationFilter@719c1faf, org.springframework.security.web.session.SessionManagementFilter@77ea806f, org.springframework.security.web.access.ExceptionTranslationFilter@1b3a9ef4, org.springframework.security.web.access.intercept.FilterSecurityInterceptor@36df4c26]
2018-02-27 09:49:23 [INFO][main][o.s.s.web.DefaultSecurityFilterChain:43]: Creating filter chain: Ant [pattern='/h2-console/**'], [org.springframework.security.web.context.request.async.WebAsyncManagerIntegrationFilter@668a32a4, org.springframework.security.web.context.SecurityContextPersistenceFilter@451816fd, org.springframework.security.web.header.HeaderWriterFilter@3b8507df, org.springframework.security.web.authentication.logout.LogoutFilter@5dc7841c, org.springframework.security.web.authentication.www.BasicAuthenticationFilter@71dd4624, org.springframework.security.web.savedrequest.RequestCacheAwareFilter@56e5c8fb, org.springframework.security.web.servletapi.SecurityContextHolderAwareRequestFilter@45cd8607, org.springframework.security.web.authentication.AnonymousAuthenticationFilter@2026fbff, org.springframework.security.web.session.SessionManagementFilter@5ed25612, org.springframework.security.web.access.ExceptionTranslationFilter@656ec00d, org.springframework.security.web.access.intercept.FilterSecurityInterceptor@5a4c98d7]
2018-02-27 09:49:24 [INFO][main][o.s.w.s.m.m.a.RequestMappingHandlerAdapter:534]: Looking for @ControllerAdvice: org.springframework.boot.context.embedded.AnnotationConfigEmbeddedWebApplicationContext@533377b: startup date [Tue Feb 27 09:49:19 CST 2018]; root of context hierarchy
2018-02-27 09:49:25 [INFO][main][o.s.j.e.a.AnnotationMBeanExporter:431]: Registering beans for JMX exposure on startup
2018-02-27 09:49:25 [INFO][main][o.s.j.e.a.AnnotationMBeanExporter:916]: Bean with name 'dataSource' has been autodetected for JMX exposure
2018-02-27 09:49:25 [INFO][main][o.s.j.e.a.AnnotationMBeanExporter:671]: Located MBean 'dataSource': registering with JMX server as MBean [com.alibaba.druid.pool:name=dataSource,type=DruidDataSource]
2018-02-27 09:49:25 [INFO][main][o.s.c.s.DefaultLifecycleProcessor:343]: Starting beans in phase 2147483647
2018-02-27 09:49:25 [INFO][main][s.d.s.w.p.DocumentationPluginsBootstrapper:147]: Context refreshed
2018-02-27 09:49:25 [INFO][main][s.d.s.w.p.DocumentationPluginsBootstrapper:150]: Found 1 custom documentation plugin(s)
2018-02-27 09:49:25 [INFO][main][s.d.s.w.s.ApiListingReferenceScanner:41]: Scanning for api listing references
2018-02-27 09:49:25 [INFO][main][o.a.coyote.http11.Http11NioProtocol:179]: Initializing ProtocolHandler ["http-nio-8080"]
2018-02-27 09:49:25 [INFO][main][o.a.coyote.http11.Http11NioProtocol:179]: Starting ProtocolHandler ["http-nio-8080"]
2018-02-27 09:49:25 [INFO][main][o.a.tomcat.util.net.NioSelectorPool:179]: Using a shared selector for servlet write/read
2018-02-27 09:49:25 [INFO][main][o.s.b.c.e.t.TomcatEmbeddedServletContainer:201]: Tomcat started on port(s): 8080 (http)
2018-02-27 09:49:25 [INFO][main][cn.features.TestApplication:57]: Started TestApplication in 6.896 seconds (JVM running for 8.694)
2018-02-27 09:49:34 [INFO][Thread-2][o.s.b.c.e.AnnotationConfigEmbeddedWebApplicationContext:984]: Closing org.springframework.boot.context.embedded.AnnotationConfigEmbeddedWebApplicationContext@533377b: startup date [Tue Feb 27 09:49:19 CST 2018]; root of context hierarchy
2018-02-27 09:49:34 [INFO][Thread-2][o.s.c.s.DefaultLifecycleProcessor:358]: Stopping beans in phase 2147483647
2018-02-27 09:49:34 [INFO][Thread-2][o.s.j.e.a.AnnotationMBeanExporter:449]: Unregistering JMX-exposed beans on shutdown
2018-02-27 09:49:34 [INFO][Thread-2][o.s.j.e.a.AnnotationMBeanExporter:241]: Unregistering JMX-exposed beans
